0 verbose cli [
0 verbose cli   'C:\\Program Files\\nodejs\\node.exe',
0 verbose cli   'C:\\Program Files\\nodejs\\node_modules\\npm\\bin\\npm-cli.js',
0 verbose cli   'run',
0 verbose cli   'sitemap'
0 verbose cli ]
1 info using npm@8.1.2
2 info using node@v16.13.1
3 timing npm:load:whichnode Completed in 1ms
4 timing config:load:defaults Completed in 5ms
5 timing config:load:file:C:\Program Files\nodejs\node_modules\npm\npmrc Completed in 9ms
6 timing config:load:builtin Completed in 9ms
7 timing config:load:cli Completed in 5ms
8 timing config:load:env Completed in 2ms
9 timing config:load:file:C:\Users\S H K\workspaces\cnbc\CNBC-Monorepo\.npmrc Completed in 0ms
10 timing config:load:project Completed in 5ms
11 timing config:load:file:C:\Users\S H K\.npmrc Completed in 0ms
12 timing config:load:user Completed in 1ms
13 timing config:load:file:C:\Users\S H K\AppData\Roaming\npm\etc\npmrc Completed in 2ms
14 timing config:load:global Completed in 3ms
15 timing config:load:validate Completed in 1ms
16 timing config:load:credentials Completed in 4ms
17 timing config:load:setEnvs Completed in 3ms
18 timing config:load Completed in 38ms
19 timing npm:load:configload Completed in 38ms
20 timing npm:load:setTitle Completed in 1ms
21 timing npm:load:setupLog Completed in 2ms
22 timing config:load:flatten Completed in 10ms
23 timing npm:load:cleanupLog Completed in 8ms
24 timing npm:load:configScope Completed in 1ms
25 timing npm:load:projectScope Completed in 2ms
26 timing npm:load Completed in 63ms
27 timing command:run-script Completed in 16ms
28 verbose stack Error: Missing script: "sitemap"
28 verbose stack
28 verbose stack To see a list of scripts, run:
28 verbose stack   npm run
28 verbose stack     at RunScript.run (C:\Program Files\nodejs\node_modules\npm\lib\run-script.js:105:13)
29 verbose cwd C:\Users\S H K\workspaces\cnbc\CNBC-Monorepo\apps\frontend
30 verbose Windows_NT 10.0.22000
31 verbose argv "C:\\Program Files\\nodejs\\node.exe" "C:\\Program Files\\nodejs\\node_modules\\npm\\bin\\npm-cli.js" "run" "sitemap"
32 verbose node v16.13.1
33 verbose npm  v8.1.2
34 error Missing script: "sitemap"
34 error
34 error To see a list of scripts, run:
34 error   npm run
35 verbose exit 1
